<?xml version="1.0" encoding="UTF-8"?>
<!-- Generated by org.testng.reporters.JUnitReportReporter -->
<testsuite skipped="0" hostname="ip-172-31-44-99" name="com.testannotations.TestAnnotations" tests="2" failures="0" timestamp="2020-11-29T16:16:34 UTC" time="0.017" errors="0">
  <testcase name="Test1" time="0.013" classname="com.testannotations.TestAnnotations"/>
  <system-out/>
  <testcase name="Test2" time="0.004" classname="com.testannotations.TestAnnotations"/>
  <system-out/>
</testsuite> <!-- com.testannotations.TestAnnotations -->
